{"C:\\Users\\pique\\OneDrive\\Área de Trabalho\\adaptive-governance-framework\\core\\src\\learning_loop\\index.ts": {"path":"C:\\Users\\pique\\OneDrive\\Área de Trabalho\\adaptive-governance-framework\\core\\src\\learning_loop\\index.ts","statementMap":{"0":{"start":{"line":4,"column":22},"end":{"line":4,"column":37}},"1":{"start":{"line":8,"column":4},"end":{"line":12,"column":5}},"2":{"start":{"line":9,"column":6},"end":{"line":11,"column":7}},"3":{"start":{"line":10,"column":8},"end":{"line":10,"column":124}},"4":{"start":{"line":13,"column":4},"end":{"line":13,"column":27}},"5":{"start":{"line":3,"column":0},"end":{"line":3,"column":13}}},"fnMap":{"0":{"name":"(anonymous_0)","decl":{"start":{"line":4,"column":2},"end":{"line":4,"column":22}},"loc":{"start":{"line":4,"column":37},"end":{"line":4,"column":41}}},"1":{"name":"(anonymous_1)","decl":{"start":{"line":6,"column":9},"end":{"line":6,"column":23}},"loc":{"start":{"line":6,"column":44},"end":{"line":14,"column":3}}}},"branchMap":{"0":{"loc":{"start":{"line":9,"column":6},"end":{"line":11,"column":7}},"type":"if","locations":[{"start":{"line":9,"column":6},"end":{"line":11,"column":7}}]},"1":{"loc":{"start":{"line":9,"column":10},"end":{"line":9,"column":104}},"type":"binary-expr","locations":[{"start":{"line":9,"column":10},"end":{"line":9,"column":37}},{"start":{"line":9,"column":41},"end":{"line":9,"column":104}}]}},"s":{"0":1,"1":1,"2":2,"3":2,"4":1,"5":1},"f":{"0":1,"1":1},"b":{"0":[2],"1":[2,2]}}
}
